<?xml version="1.0" encoding="UTF-8" ?>
<testsuite failures="0" time="0.019" errors="0" skipped="0" tests="25" name="com.softserveinc.calendar.helper.HtmlUtilsTest">
  <properties>
[...]
</properties>
  <testcase time="0" classname="com.softserveinc.calendar.helper.HtmlUtilsTest" name="testCreateHtmlTitle"/>
  <testcase time="0.001" classname="com.softserveinc.calendar.helper.HtmlUtilsTest" name="testGetHead"/>
  <testcase time="0" classname="com.softserveinc.calendar.helper.HtmlUtilsTest" name="testGetHtmlFooter"/>
  <testcase time="0" classname="com.softserveinc.calendar.helper.HtmlUtilsTest" name="testGetTableHead"/>
  <testcase time="0" classname="com.softserveinc.calendar.helper.HtmlUtilsTest" name="testGetTR"/>
  <testcase time="0" classname="com.softserveinc.calendar.helper.HtmlUtilsTest" name="testGetTDStringString"/>
  <testcase time="0" classname="com.softserveinc.calendar.helper.HtmlUtilsTest" name="testGetTDIntStringString"/>
  <testcase time="0" classname="com.softserveinc.calendar.helper.HtmlUtilsTest" name="testGetOpenedTD"/>
  <testcase time="0" classname="com.softserveinc.calendar.helper.HtmlUtilsTest" name="testGetClosedTR"/>
  <testcase time="0" classname="com.softserveinc.calendar.helper.HtmlUtilsTest" name="testGetClosedTD"/>
  <testcase time="0.001" classname="com.softserveinc.calendar.helper.HtmlUtilsTest" name="testGetOpenedForm"/>
  <testcase time="0" classname="com.softserveinc.calendar.helper.HtmlUtilsTest" name="testGetClosedForm"/>
  <testcase time="0" classname="com.softserveinc.calendar.helper.HtmlUtilsTest" name="testGetOpenedDivForm"/>
  <testcase time="0" classname="com.softserveinc.calendar.helper.HtmlUtilsTest" name="testGetClosedFormDiv"/>
  <testcase time="0.001" classname="com.softserveinc.calendar.helper.HtmlUtilsTest" name="testGetRadioButton"/>
  <testcase time="0.001" classname="com.softserveinc.calendar.helper.HtmlUtilsTest" name="testGetButtonString"/>
  <testcase time="0" classname="com.softserveinc.calendar.helper.HtmlUtilsTest" name="testGetButtonStringIntInt"/>
  <testcase time="0" classname="com.softserveinc.calendar.helper.HtmlUtilsTest" name="testGetHiddenButtonString"/>
  <testcase time="0" classname="com.softserveinc.calendar.helper.HtmlUtilsTest" name="testGetHiddenButtonStringString"/>
  <testcase time="0" classname="com.softserveinc.calendar.helper.HtmlUtilsTest" name="testGetBoldText"/>
  <testcase time="0" classname="com.softserveinc.calendar.helper.HtmlUtilsTest" name="testGetText"/>
  <testcase time="0" classname="com.softserveinc.calendar.helper.HtmlUtilsTest" name="testGetClosedTable"/>
  <testcase time="0" classname="com.softserveinc.calendar.helper.HtmlUtilsTest" name="testGetSelect"/>
  <testcase time="0" classname="com.softserveinc.calendar.helper.HtmlUtilsTest" name="testGetClosedSelect"/>
  <testcase time="0" classname="com.softserveinc.calendar.helper.HtmlUtilsTest" name="testGetOption"/>
</testsuite>